<?xml version="1.0" encoding="utf-8"?><testsuites name="pytest tests"><testsuite name="pytest" errors="0" failures="0" skipped="0" tests="20" time="4.097" timestamp="2026-07-11T11:33:56.421924+00:00" hostname="agent-env-4723e35b-912d-47ed-9889-585be18a0956"><testcase classname="backend.tests.test_mayank_store.TestAuth" name="test_status_pin_set" time="0.159" /><testcase classname="backend.tests.test_mayank_store.TestAuth" name="test_verify_pin_success" time="0.313" /><testcase classname="backend.tests.test_mayank_store.TestAuth" name="test_verify_pin_wrong" time="0.299" /><testcase classname="backend.tests.test_mayank_store.TestAuth" name="test_verify_pin_bad_format" time="0.046" /><testcase classname="backend.tests.test_mayank_store.TestAuth" name="test_change_pin_wrong_current" time="0.292" /><testcase classname="backend.tests.test_mayank_store.TestAuth" name="test_change_pin_roundtrip" time="1.309" /><testcase classname="backend.tests.test_mayank_store.TestParty" name="test_party_created_with_positive_opening" time="0.142" /><testcase classname="backend.tests.test_mayank_store.TestParty" name="test_party_negative_opening" time="0.156" /><testcase classname="backend.tests.test_mayank_store.TestParty" name="test_party_missing_name" time="0.069" /><testcase classname="backend.tests.test_mayank_store.TestParty" name="test_search_filter" time="0.075" /><testcase classname="backend.tests.test_mayank_store.TestParty" name="test_delete_missing" time="0.070" /><testcase classname="backend.tests.test_mayank_store.TestTransactions" name="test_balance_math_opening_gave_got" time="0.215" /><testcase classname="backend.tests.test_mayank_store.TestTransactions" name="test_tx_negative_rejected" time="0.072" /><testcase classname="backend.tests.test_mayank_store.TestTransactions" name="test_tx_unknown_party" time="0.070" /><testcase classname="backend.tests.test_mayank_store.TestTransactions" name="test_list_transactions" time="0.071" /><testcase classname="backend.tests.test_mayank_store.TestSummary" name="test_summary" time="0.076" /><testcase classname="backend.tests.test_mayank_store.TestSummary" name="test_reminders_contains_receivable" time="0.076" /><testcase classname="backend.tests.test_mayank_store.TestSummary" name="test_monthly_report" time="0.076" /><testcase classname="backend.tests.test_mayank_store.TestSummary" name="test_monthly_report_july_2026" time="0.079" /><testcase classname="backend.tests.test_mayank_store.TestCleanup" name="test_delete_party_cascades" time="0.365" /></testsuite></testsuites>